[DEBUG] 2021-05-19 10:17:38.689 [TestNG-test=addVehicles-2] Login - Application has started
[DEBUG] 2021-05-19 10:17:38.689 [TestNG-test=addVehicles-3] Login - Application has started
[DEBUG] 2021-05-19 10:17:38.689 [TestNG-test=addVehicles-1] Login - Application has started
[DEBUG] 2021-05-19 10:17:38.689 [TestNG-test=addVehicles-4] Login - Application has started
[INFO ] 2021-05-19 10:17:38.710 [TestNG-test=addVehicles-4] Login - The log file can now be found in the directory: "C:\Users\LeonRausch\eclipse-workspace\Selenium\logger.log"
[INFO ] 2021-05-19 10:17:38.710 [TestNG-test=addVehicles-1] Login - The log file can now be found in the directory: "C:\Users\LeonRausch\eclipse-workspace\Selenium\logger.log"
[INFO ] 2021-05-19 10:17:38.704 [TestNG-test=addVehicles-2] Login - The log file can now be found in the directory: "C:\Users\LeonRausch\eclipse-workspace\Selenium\logger.log"
[INFO ] 2021-05-19 10:17:38.712 [TestNG-test=addVehicles-3] Login - The log file can now be found in the directory: "C:\Users\LeonRausch\eclipse-workspace\Selenium\logger.log"
[DEBUG] 2021-05-19 10:17:38.712 [TestNG-test=addVehicles-1] Login - The vehicle registration path is = C:\Users\LeonRausch\eclipse-workspace\Selenium\hu-go-vehicleTest.jar
[DEBUG] 2021-05-19 10:17:38.712 [TestNG-test=addVehicles-4] Login - The vehicle registration path is = C:\Users\LeonRausch\eclipse-workspace\Selenium\hu-go-vehicleTest.jar
[DEBUG] 2021-05-19 10:17:38.712 [TestNG-test=addVehicles-2] Login - The vehicle registration path is = C:\Users\LeonRausch\eclipse-workspace\Selenium\hu-go-vehicleTest.jar
[DEBUG] 2021-05-19 10:17:38.712 [TestNG-test=addVehicles-3] Login - The vehicle registration path is = C:\Users\LeonRausch\eclipse-workspace\Selenium\hu-go-vehicleTest.jar
[ERROR] 2021-05-19 10:17:39.591 [TestNG-test=addVehicles-4] Login - Error! The database couldn't be accessed, maybe there is no ProcessProgress field that is set to "Open".Illegal operation on empty result set.
[ERROR] 2021-05-19 10:17:39.591 [TestNG-test=addVehicles-2] Login - Error! The database couldn't be accessed, maybe there is no ProcessProgress field that is set to "Open".Illegal operation on empty result set.
[ERROR] 2021-05-19 10:17:39.591 [TestNG-test=addVehicles-1] Login - Error! The database couldn't be accessed, maybe there is no ProcessProgress field that is set to "Open".Illegal operation on empty result set.
[ERROR] 2021-05-19 10:17:39.591 [TestNG-test=addVehicles-3] Login - Error! The database couldn't be accessed, maybe there is no ProcessProgress field that is set to "Open".Illegal operation on empty result set.
[INFO ] 2021-05-19 10:17:39.777 [TestNG-test=addVehicles-2] Login - ChromeDriver with path "C:\Users\LeonRausch\eclipse-workspace\Selenium\chromedriver.exe" found
[INFO ] 2021-05-19 10:17:39.777 [TestNG-test=addVehicles-4] Login - ChromeDriver with path "C:\Users\LeonRausch\eclipse-workspace\Selenium\chromedriver.exe" found
[INFO ] 2021-05-19 10:17:39.777 [TestNG-test=addVehicles-3] Login - ChromeDriver with path "C:\Users\LeonRausch\eclipse-workspace\Selenium\chromedriver.exe" found
[INFO ] 2021-05-19 10:17:39.777 [TestNG-test=addVehicles-1] Login - ChromeDriver with path "C:\Users\LeonRausch\eclipse-workspace\Selenium\chromedriver.exe" found
[DEBUG] 2021-05-19 10:17:53.520 [TestNG-test=addVehicles-3] Login - the Application was completed by the machine with the local IP-Adress /10.0.0.32
[FATAL] 2021-05-19 10:17:53.521 [TestNG-test=addVehicles-3] Login - Something went wrong, more than one row was updated with the local IP-Adress of this machine!
[DEBUG] 2021-05-19 10:17:53.522 [TestNG-test=addVehicles-2] Login - the Application was completed by the machine with the local IP-Adress /10.0.0.32
[FATAL] 2021-05-19 10:17:53.523 [TestNG-test=addVehicles-2] Login - Something went wrong, more than one row was updated with the local IP-Adress of this machine!
[DEBUG] 2021-05-19 10:17:53.523 [TestNG-test=addVehicles-1] Login - the Application was completed by the machine with the local IP-Adress /10.0.0.32
[FATAL] 2021-05-19 10:17:53.523 [TestNG-test=addVehicles-1] Login - Something went wrong, more than one row was updated with the local IP-Adress of this machine!
[INFO ] 2021-05-19 10:17:54.208 [TestNG-test=addVehicles-2] Login - The Application ended successfully!
[INFO ] 2021-05-19 10:17:54.208 [TestNG-test=addVehicles-3] Login - The Application ended successfully!
[INFO ] 2021-05-19 10:17:54.208 [TestNG-test=addVehicles-1] Login - The Application ended successfully!
[INFO ] 2021-05-19 10:17:54.440 [TestNG-test=addVehicles-4] Login - Hugo login successful
[DEBUG] 2021-05-19 10:17:54.546 [TestNG-test=addVehicles-4] Login - the Application was completed by the machine with the local IP-Adress /10.0.0.32
[FATAL] 2021-05-19 10:17:54.546 [TestNG-test=addVehicles-4] Login - Something went wrong, more than one row was updated with the local IP-Adress of this machine!
[INFO ] 2021-05-19 10:17:54.546 [TestNG-test=addVehicles-4] Login - The Application ended successfully!
[DEBUG] 2021-05-19 10:38:45.881 [TestNG-test=addVehicles-2] Login - Application has started
[DEBUG] 2021-05-19 10:38:45.881 [TestNG-test=addVehicles-3] Login - Application has started
[DEBUG] 2021-05-19 10:38:45.881 [TestNG-test=addVehicles-1] Login - Application has started
[DEBUG] 2021-05-19 10:38:45.881 [TestNG-test=addVehicles-4] Login - Application has started
[INFO ] 2021-05-19 10:38:45.896 [TestNG-test=addVehicles-2] Login - The log file can now be found in the directory: "C:\Users\LeonRausch\eclipse-workspace\Selenium\logger.log"
[INFO ] 2021-05-19 10:38:45.896 [TestNG-test=addVehicles-4] Login - The log file can now be found in the directory: "C:\Users\LeonRausch\eclipse-workspace\Selenium\logger.log"
[INFO ] 2021-05-19 10:38:45.896 [TestNG-test=addVehicles-1] Login - The log file can now be found in the directory: "C:\Users\LeonRausch\eclipse-workspace\Selenium\logger.log"
[INFO ] 2021-05-19 10:38:45.896 [TestNG-test=addVehicles-3] Login - The log file can now be found in the directory: "C:\Users\LeonRausch\eclipse-workspace\Selenium\logger.log"
[DEBUG] 2021-05-19 10:38:45.899 [TestNG-test=addVehicles-2] Login - The vehicle registration path is = C:\Users\LeonRausch\eclipse-workspace\Selenium\hu-go-vehicleTest.jar
[DEBUG] 2021-05-19 10:38:45.899 [TestNG-test=addVehicles-3] Login - The vehicle registration path is = C:\Users\LeonRausch\eclipse-workspace\Selenium\hu-go-vehicleTest.jar
[DEBUG] 2021-05-19 10:38:45.899 [TestNG-test=addVehicles-1] Login - The vehicle registration path is = C:\Users\LeonRausch\eclipse-workspace\Selenium\hu-go-vehicleTest.jar
[DEBUG] 2021-05-19 10:38:45.899 [TestNG-test=addVehicles-4] Login - The vehicle registration path is = C:\Users\LeonRausch\eclipse-workspace\Selenium\hu-go-vehicleTest.jar
[ERROR] 2021-05-19 10:38:47.847 [TestNG-test=addVehicles-2] Login - Error! The database couldn't be accessed, maybe there is no ProcessProgress field that is set to "Open".Illegal operation on empty result set.
[ERROR] 2021-05-19 10:38:47.847 [TestNG-test=addVehicles-1] Login - Error! The database couldn't be accessed, maybe there is no ProcessProgress field that is set to "Open".Illegal operation on empty result set.
[ERROR] 2021-05-19 10:38:47.847 [TestNG-test=addVehicles-3] Login - Error! The database couldn't be accessed, maybe there is no ProcessProgress field that is set to "Open".Illegal operation on empty result set.
[ERROR] 2021-05-19 10:38:47.847 [TestNG-test=addVehicles-4] Login - Error! The database couldn't be accessed, maybe there is no ProcessProgress field that is set to "Open".Illegal operation on empty result set.
[INFO ] 2021-05-19 10:38:47.966 [TestNG-test=addVehicles-1] Login - ChromeDriver with path "C:\Users\LeonRausch\eclipse-workspace\Selenium\chromedriver.exe" found
[INFO ] 2021-05-19 10:38:47.974 [TestNG-test=addVehicles-3] Login - ChromeDriver with path "C:\Users\LeonRausch\eclipse-workspace\Selenium\chromedriver.exe" found
[INFO ] 2021-05-19 10:38:47.974 [TestNG-test=addVehicles-4] Login - ChromeDriver with path "C:\Users\LeonRausch\eclipse-workspace\Selenium\chromedriver.exe" found
[INFO ] 2021-05-19 10:38:47.984 [TestNG-test=addVehicles-2] Login - ChromeDriver with path "C:\Users\LeonRausch\eclipse-workspace\Selenium\chromedriver.exe" found
[DEBUG] 2021-05-19 10:39:08.912 [TestNG-test=addVehicles-2] Login - the Application was completed by the machine with the local IP-Adress /10.0.0.32
[DEBUG] 2021-05-19 10:39:08.913 [TestNG-test=addVehicles-1] Login - the Application was completed by the machine with the local IP-Adress /10.0.0.32
[FATAL] 2021-05-19 10:39:08.914 [TestNG-test=addVehicles-1] Login - Something went wrong, more than one row was updated with the local IP-Adress of this machine!
[FATAL] 2021-05-19 10:39:08.913 [TestNG-test=addVehicles-2] Login - Something went wrong, more than one row was updated with the local IP-Adress of this machine!
[INFO ] 2021-05-19 10:39:09.085 [TestNG-test=addVehicles-4] Login - Hugo login successful
[INFO ] 2021-05-19 10:39:09.708 [TestNG-test=addVehicles-2] Login - The Application ended successfully!
[INFO ] 2021-05-19 10:39:09.708 [TestNG-test=addVehicles-1] Login - The Application ended successfully!
[DEBUG] 2021-05-19 10:39:11.295 [TestNG-test=addVehicles-4] Login - the Application was completed by the machine with the local IP-Adress /10.0.0.32
[FATAL] 2021-05-19 10:39:11.295 [TestNG-test=addVehicles-4] Login - Something went wrong, more than one row was updated with the local IP-Adress of this machine!
[INFO ] 2021-05-19 10:39:11.295 [TestNG-test=addVehicles-4] Login - The Application ended successfully!
[INFO ] 2021-05-19 10:39:11.457 [TestNG-test=addVehicles-3] Login - Hugo login successful
[DEBUG] 2021-05-19 10:39:11.542 [TestNG-test=addVehicles-3] Login - the Application was completed by the machine with the local IP-Adress /10.0.0.32
[FATAL] 2021-05-19 10:39:11.542 [TestNG-test=addVehicles-3] Login - Something went wrong, more than one row was updated with the local IP-Adress of this machine!
[INFO ] 2021-05-19 10:39:11.542 [TestNG-test=addVehicles-3] Login - The Application ended successfully!
[DEBUG] 2021-05-19 10:42:52.902 [TestNG-test=addVehicles-3] Login - Application has started
[DEBUG] 2021-05-19 10:42:52.902 [TestNG-test=addVehicles-2] Login - Application has started
[DEBUG] 2021-05-19 10:42:52.902 [TestNG-test=addVehicles-1] Login - Application has started
[DEBUG] 2021-05-19 10:42:52.902 [TestNG-test=addVehicles-4] Login - Application has started
[INFO ] 2021-05-19 10:42:52.928 [TestNG-test=addVehicles-3] Login - The log file can now be found in the directory: "C:\Users\LeonRausch\eclipse-workspace\Selenium\logger.log"
[INFO ] 2021-05-19 10:42:52.918 [TestNG-test=addVehicles-4] Login - The log file can now be found in the directory: "C:\Users\LeonRausch\eclipse-workspace\Selenium\logger.log"
[INFO ] 2021-05-19 10:42:52.929 [TestNG-test=addVehicles-1] Login - The log file can now be found in the directory: "C:\Users\LeonRausch\eclipse-workspace\Selenium\logger.log"
[INFO ] 2021-05-19 10:42:52.929 [TestNG-test=addVehicles-2] Login - The log file can now be found in the directory: "C:\Users\LeonRausch\eclipse-workspace\Selenium\logger.log"
[DEBUG] 2021-05-19 10:42:52.930 [TestNG-test=addVehicles-3] Login - The vehicle registration path is = C:\Users\LeonRausch\eclipse-workspace\Selenium\hu-go-vehicleTest.jar
[DEBUG] 2021-05-19 10:42:52.930 [TestNG-test=addVehicles-4] Login - The vehicle registration path is = C:\Users\LeonRausch\eclipse-workspace\Selenium\hu-go-vehicleTest.jar
[DEBUG] 2021-05-19 10:42:52.930 [TestNG-test=addVehicles-1] Login - The vehicle registration path is = C:\Users\LeonRausch\eclipse-workspace\Selenium\hu-go-vehicleTest.jar
[DEBUG] 2021-05-19 10:42:52.930 [TestNG-test=addVehicles-2] Login - The vehicle registration path is = C:\Users\LeonRausch\eclipse-workspace\Selenium\hu-go-vehicleTest.jar
[DEBUG] 2021-05-19 10:42:53.846 [TestNG-test=addVehicles-3] Login - The Database on port "3306" with User "Hugo-Test" and Password  "Hugo123" has been accessed successfully and the vehicle information has been written to the variables
[DEBUG] 2021-05-19 10:42:53.846 [TestNG-test=addVehicles-1] Login - The Database on port "3306" with User "Hugo-Test" and Password  "Hugo123" has been accessed successfully and the vehicle information has been written to the variables
[DEBUG] 2021-05-19 10:42:53.846 [TestNG-test=addVehicles-4] Login - The Database on port "3306" with User "Hugo-Test" and Password  "Hugo123" has been accessed successfully and the vehicle information has been written to the variables
[DEBUG] 2021-05-19 10:42:53.846 [TestNG-test=addVehicles-2] Login - The Database on port "3306" with User "Hugo-Test" and Password  "Hugo123" has been accessed successfully and the vehicle information has been written to the variables
[INFO ] 2021-05-19 10:42:53.978 [TestNG-test=addVehicles-2] Login - ChromeDriver with path "C:\Users\LeonRausch\eclipse-workspace\Selenium\chromedriver.exe" found
[INFO ] 2021-05-19 10:42:53.991 [TestNG-test=addVehicles-4] Login - ChromeDriver with path "C:\Users\LeonRausch\eclipse-workspace\Selenium\chromedriver.exe" found
[INFO ] 2021-05-19 10:42:53.992 [TestNG-test=addVehicles-1] Login - ChromeDriver with path "C:\Users\LeonRausch\eclipse-workspace\Selenium\chromedriver.exe" found
[INFO ] 2021-05-19 10:42:53.992 [TestNG-test=addVehicles-3] Login - ChromeDriver with path "C:\Users\LeonRausch\eclipse-workspace\Selenium\chromedriver.exe" found
[DEBUG] 2021-05-19 10:43:06.971 [TestNG-test=addVehicles-3] Login - the Application was completed by the machine with the local IP-Adress /10.0.0.32
[INFO ] 2021-05-19 10:43:07.673 [TestNG-test=addVehicles-3] Login - The Application ended successfully!
[DEBUG] 2021-05-19 10:43:08.178 [TestNG-test=addVehicles-4] Login - the Application was completed by the machine with the local IP-Adress /10.0.0.32
[INFO ] 2021-05-19 10:43:08.183 [TestNG-test=addVehicles-1] Login - Hugo login successful
[DEBUG] 2021-05-19 10:43:08.358 [TestNG-test=addVehicles-1] Login - the Application was completed by the machine with the local IP-Adress /10.0.0.32
[INFO ] 2021-05-19 10:43:08.373 [TestNG-test=addVehicles-1] Login - The Application ended successfully!
[INFO ] 2021-05-19 10:43:08.805 [TestNG-test=addVehicles-4] Login - The Application ended successfully!
[INFO ] 2021-05-19 10:43:09.592 [TestNG-test=addVehicles-2] Login - Hugo login successful
[DEBUG] 2021-05-19 10:43:09.661 [TestNG-test=addVehicles-2] Login - the Application was completed by the machine with the local IP-Adress /10.0.0.32
[INFO ] 2021-05-19 10:43:09.661 [TestNG-test=addVehicles-2] Login - The Application ended successfully!
[DEBUG] 2021-05-19 10:51:24.525 [main] Login - Application has started
[INFO ] 2021-05-19 10:51:24.541 [main] Login - The log file can now be found in the directory: "C:\Users\LeonRausch\eclipse-workspace\Selenium\logger.log"
[DEBUG] 2021-05-19 10:51:24.549 [main] Login - The vehicle registration path is = C:\Users\LeonRausch\eclipse-workspace\Selenium\hu-go-vehicleTest.jar
[DEBUG] 2021-05-19 10:51:24.610 [main] Login - The Database on port "3306" with User "Hugo-Test" and Password  "Hugo123" has been accessed successfully and the vehicle information has been written to the variables
[INFO ] 2021-05-19 10:51:24.663 [main] Login - ChromeDriver with path "C:\Users\LeonRausch\eclipse-workspace\Selenium\chromedriver.exe" found
[INFO ] 2021-05-19 10:51:34.652 [main] Login - Hugo login successful
[ERROR] 2021-05-19 10:51:35.887 [main] Login - The databese couldn't be accessed!
Errormessage: element click intercepted: Element <a class="button next noprint left" href="#" id="buttonwarnnext">...</a> is not clickable at point (732, 562). Other element would receive the click: <iframe title="reCAPTCHA" src="https://www.google.com/recaptcha/api2/anchor?ar=1&amp;k=6LfTPbsUAAAAAFDACZqwpZelQyAfu5wmaYB1-wqW&amp;co=aHR0cHM6Ly93d3cuaHUtZ28uaHU6NDQz&amp;hl=en&amp;v=f-bnnOuahiYKuei7dmAd3kgv&amp;size=invisible&amp;cb=fvb34w4tqv9i" width="256" height="60" role="presentation" name="a-arr3xheb9ur5" frameborder="0" scrolling="no" sandbox="allow-forms allow-popups allow-same-origin allow-scripts allow-top-navigation allow-modals allow-popups-to-escape-sandbox"></iframe>
  (Session info: headless chrome=90.0.4430.212)
Build info: version: '3.141.59', revision: 'e82be7d358', time: '2018-11-14T08:25:48'
System info: host: 'DESKTOP-O7UI4S1', ip: '10.0.0.32', os.name: 'Windows 10', os.arch: 'amd64', os.version: '10.0', java.version: '11.0.8'
Driver info: org.openqa.selenium.chrome.ChromeDriver
Capabilities {acceptInsecureCerts: false, browserName: chrome, browserVersion: 90.0.4430.212, chrome: {chromedriverVersion: 90.0.4430.24 (4c6d850f087da..., userDataDir: C:\Users\LEONRA~1\AppData\L...}, goog:chromeOptions: {debuggerAddress: localhost:63495}, javascriptEnabled: true, networkConnectionEnabled: false, pageLoadStrategy: normal, platform: WINDOWS, platformName: WINDOWS, proxy: Proxy(), setWindowRect: true, strictFileInteractability: false, timeouts: {implicit: 0, pageLoad: 300000, script: 30000}, unhandledPromptBehavior: dismiss and notify, webauthn:extension:largeBlob: true, webauthn:virtualAuthenticators: true}
Session ID: 6238ce7742d3a62477fade6f3994c59e
[DEBUG] 2021-05-19 10:52:26.166 [main] Login - Application has started
[INFO ] 2021-05-19 10:52:26.166 [main] Login - The log file can now be found in the directory: "C:\Users\LeonRausch\eclipse-workspace\Selenium\logger.log"
[DEBUG] 2021-05-19 10:52:26.179 [main] Login - The vehicle registration path is = C:\Users\LeonRausch\eclipse-workspace\Selenium\hu-go-vehicleTest.jar
[DEBUG] 2021-05-19 10:52:26.235 [main] Login - The Database on port "3306" with User "Hugo-Test" and Password  "Hugo123" has been accessed successfully and the vehicle information has been written to the variables
[INFO ] 2021-05-19 10:52:26.297 [main] Login - ChromeDriver with path "C:\Users\LeonRausch\eclipse-workspace\Selenium\chromedriver.exe" found
[INFO ] 2021-05-19 10:52:37.527 [main] Login - Hugo login successful
[INFO ] 2021-05-19 10:52:40.541 [main] Login - adding new vehicle...
[WARN ] 2021-05-19 10:52:42.974 [main] Login - Trying to use the path C:\Users\LeonRausch\eclipse-workspace\Selenium\Test...
[WARN ] 2021-05-19 10:52:42.974 [main] Login - Trying to use the path C:\Users\LeonRausch\eclipse-workspace\Selenium\Test.pdf
[INFO ] 2021-05-19 10:52:43.053 [main] Login - Use of Path C:\Users\LeonRausch\eclipse-workspace\Selenium\Test.pdf successful
[INFO ] 2021-05-19 10:52:43.054 [main] Login - The Vehicle with the Licenseplatenumber FUW55834 was saved
[DEBUG] 2021-05-19 10:52:43.218 [main] Login - the Application was completed by the machine with the local IP-Adress /10.0.0.32
[ERROR] 2021-05-19 10:52:43.218 [main] Login - The databese couldn't be accessed!
Errormessage: null
[DEBUG] 2021-05-19 10:54:35.770 [main] Login - Application has started
[INFO ] 2021-05-19 10:54:35.770 [main] Login - The log file can now be found in the directory: "C:\Users\LeonRausch\eclipse-workspace\Selenium\logger.log"
[DEBUG] 2021-05-19 10:54:35.786 [main] Login - The vehicle registration path is = C:\Users\LeonRausch\eclipse-workspace\Selenium\hu-go-vehicleTest.jar
[DEBUG] 2021-05-19 10:54:35.848 [main] Login - The Database on port "3306" with User "Hugo-Test" and Password  "Hugo123" has been accessed successfully and the vehicle information has been written to the variables
[INFO ] 2021-05-19 10:54:35.902 [main] Login - ChromeDriver with path "C:\Users\LeonRausch\eclipse-workspace\Selenium\chromedriver.exe" found
[INFO ] 2021-05-19 10:54:46.073 [main] Login - Hugo login successful
[INFO ] 2021-05-19 10:54:48.719 [main] Login - adding new vehicle...
[WARN ] 2021-05-19 10:54:50.716 [main] Login - Trying to use the path C:\Users\LeonRausch\eclipse-workspace\Selenium\Test...
[WARN ] 2021-05-19 10:54:50.717 [main] Login - Trying to use the path C:\Users\LeonRausch\eclipse-workspace\Selenium\Test 2.pdf
[INFO ] 2021-05-19 10:54:50.906 [main] Login - Use of Path C:\Users\LeonRausch\eclipse-workspace\Selenium\Test 2.pdf successful
[INFO ] 2021-05-19 10:54:50.906 [main] Login - The Vehicle with the Licenseplatenumber CE58D534K was saved
[DEBUG] 2021-05-19 10:54:51.041 [main] Login - the Application was completed by the machine with the local IP-Adress /10.0.0.32
[ERROR] 2021-05-19 10:54:51.041 [main] Login - The databese couldn't be accessed!
Errormessage: null
[DEBUG] 2021-05-19 11:03:28.801 [main] Login - Application has started
[INFO ] 2021-05-19 11:03:28.817 [main] Login - The log file can now be found in the directory: "C:\Users\LeonRausch\eclipse-workspace\Selenium\logger.log"
[DEBUG] 2021-05-19 11:03:28.824 [main] Login - The vehicle registration path is = C:\Users\LeonRausch\eclipse-workspace\Selenium\hu-go-vehicleTest.jar
[DEBUG] 2021-05-19 11:03:28.870 [main] Login - The Database on port "3306" with User "Hugo-Test" and Password  "Hugo123" has been accessed successfully and the vehicle information has been written to the variables
[INFO ] 2021-05-19 11:03:28.939 [main] Login - ChromeDriver with path "C:\Users\LeonRausch\eclipse-workspace\Selenium\chromedriver.exe" found
[INFO ] 2021-05-19 11:03:40.074 [main] Login - Hugo login successful
[INFO ] 2021-05-19 11:03:42.474 [main] Login - adding new vehicle...
[WARN ] 2021-05-19 11:03:45.218 [main] Login - Trying to use the path C:\Users\LeonRausch\eclipse-workspace\Selenium\Test...
[WARN ] 2021-05-19 11:03:45.218 [main] Login - Trying to use the path C:\Users\LeonRausch\eclipse-workspace\Selenium\Test.pdf
[INFO ] 2021-05-19 11:03:45.352 [main] Login - Use of Path C:\Users\LeonRausch\eclipse-workspace\Selenium\Test.pdf successful
[INFO ] 2021-05-19 11:03:45.352 [main] Login - The Vehicle with the Licenseplatenumber FUW55834 was saved
[DEBUG] 2021-05-19 11:03:45.572 [main] Login - the Application was completed by the machine with the local IP-Adress /10.0.0.32
[INFO ] 2021-05-19 11:03:46.489 [main] Login - The Application ended successfully!
[DEBUG] 2021-05-19 11:03:46.493 [main] Login - Application has started
[INFO ] 2021-05-19 11:03:46.493 [main] Login - The log file can now be found in the directory: "C:\Users\LeonRausch\eclipse-workspace\Selenium\logger.log"
[DEBUG] 2021-05-19 11:03:46.493 [main] Login - The vehicle registration path is = C:\Users\LeonRausch\eclipse-workspace\Selenium\hu-go-vehicleTest.jar
[DEBUG] 2021-05-19 11:03:46.589 [main] Login - The Database on port "3306" with User "Hugo-Test" and Password  "Hugo123" has been accessed successfully and the vehicle information has been written to the variables
[INFO ] 2021-05-19 11:03:46.659 [main] Login - ChromeDriver with path "C:\Users\LeonRausch\eclipse-workspace\Selenium\chromedriver.exe" found
[INFO ] 2021-05-19 11:03:54.453 [main] Login - Hugo login successful
[INFO ] 2021-05-19 11:03:57.097 [main] Login - adding new vehicle...
[WARN ] 2021-05-19 11:03:59.585 [main] Login - Trying to use the path C:\Users\LeonRausch\eclipse-workspace\Selenium\Test...
[WARN ] 2021-05-19 11:03:59.586 [main] Login - Trying to use the path C:\Users\LeonRausch\eclipse-workspace\Selenium\Test 2.pdf
[INFO ] 2021-05-19 11:03:59.714 [main] Login - Use of Path C:\Users\LeonRausch\eclipse-workspace\Selenium\Test 2.pdf successful
[INFO ] 2021-05-19 11:03:59.714 [main] Login - The Vehicle with the Licenseplatenumber GER23478D was saved
[DEBUG] 2021-05-19 11:03:59.824 [main] Login - the Application was completed by the machine with the local IP-Adress /10.0.0.32
[INFO ] 2021-05-19 11:04:01.477 [main] Login - The Application ended successfully!
[DEBUG] 2021-05-19 11:04:01.480 [main] Login - Application has started
[INFO ] 2021-05-19 11:04:01.480 [main] Login - The log file can now be found in the directory: "C:\Users\LeonRausch\eclipse-workspace\Selenium\logger.log"
[DEBUG] 2021-05-19 11:04:01.483 [main] Login - The vehicle registration path is = C:\Users\LeonRausch\eclipse-workspace\Selenium\hu-go-vehicleTest.jar
[DEBUG] 2021-05-19 11:04:01.546 [main] Login - The Database on port "3306" with User "Hugo-Test" and Password  "Hugo123" has been accessed successfully and the vehicle information has been written to the variables
[INFO ] 2021-05-19 11:04:01.583 [main] Login - ChromeDriver with path "C:\Users\LeonRausch\eclipse-workspace\Selenium\chromedriver.exe" found
[INFO ] 2021-05-19 11:04:10.295 [main] Login - Hugo login successful
[INFO ] 2021-05-19 11:04:12.408 [main] Login - adding new vehicle...
[WARN ] 2021-05-19 11:04:14.953 [main] Login - Trying to use the path C:\Users\LeonRausch\eclipse-workspace\Selenium\Test...
[WARN ] 2021-05-19 11:04:14.954 [main] Login - Trying to use the path C:\Users\LeonRausch\eclipse-workspace\Selenium\Test 3.pdf
[INFO ] 2021-05-19 11:04:15.201 [main] Login - Use of Path C:\Users\LeonRausch\eclipse-workspace\Selenium\Test 3.pdf successful
[INFO ] 2021-05-19 11:04:15.201 [main] Login - The Vehicle with the Licenseplatenumber GUE4573KW was saved
[DEBUG] 2021-05-19 11:04:15.301 [main] Login - the Application was completed by the machine with the local IP-Adress /10.0.0.32
[INFO ] 2021-05-19 11:04:16.262 [main] Login - The Application ended successfully!
[DEBUG] 2021-05-19 11:04:16.270 [main] Login - Application has started
[INFO ] 2021-05-19 11:04:16.271 [main] Login - The log file can now be found in the directory: "C:\Users\LeonRausch\eclipse-workspace\Selenium\logger.log"
[DEBUG] 2021-05-19 11:04:16.273 [main] Login - The vehicle registration path is = C:\Users\LeonRausch\eclipse-workspace\Selenium\hu-go-vehicleTest.jar
[DEBUG] 2021-05-19 11:04:16.307 [main] Login - The Database on port "3306" with User "Hugo-Test" and Password  "Hugo123" has been accessed successfully and the vehicle information has been written to the variables
[INFO ] 2021-05-19 11:04:16.362 [main] Login - ChromeDriver with path "C:\Users\LeonRausch\eclipse-workspace\Selenium\chromedriver.exe" found
[ERROR] 2021-05-19 11:04:21.887 [main] Login - The databese couldn't be accessed!
Errormessage: element not interactable
  (Session info: chrome=90.0.4430.212)
Build info: version: '3.141.59', revision: 'e82be7d358', time: '2018-11-14T08:25:48'
System info: host: 'DESKTOP-O7UI4S1', ip: '10.0.0.32', os.name: 'Windows 10', os.arch: 'amd64', os.version: '10.0', java.version: '11.0.8'
Driver info: org.openqa.selenium.chrome.ChromeDriver
Capabilities {acceptInsecureCerts: false, browserName: chrome, browserVersion: 90.0.4430.212, chrome: {chromedriverVersion: 90.0.4430.24 (4c6d850f087da..., userDataDir: C:\Users\LEONRA~1\AppData\L...}, goog:chromeOptions: {debuggerAddress: localhost:63787}, javascriptEnabled: true, networkConnectionEnabled: false, pageLoadStrategy: normal, platform: WINDOWS, platformName: WINDOWS, proxy: Proxy(), setWindowRect: true, strictFileInteractability: false, timeouts: {implicit: 0, pageLoad: 300000, script: 30000}, unhandledPromptBehavior: dismiss and notify, webauthn:extension:largeBlob: true, webauthn:virtualAuthenticators: true}
Session ID: 996d76254f1fbace4c7d8fd4a31c7a69
[DEBUG] 2021-05-19 11:05:26.524 [main] Login - Application has started
[INFO ] 2021-05-19 11:05:26.540 [main] Login - The log file can now be found in the directory: "C:\Users\LeonRausch\eclipse-workspace\Selenium\logger.log"
[DEBUG] 2021-05-19 11:05:26.545 [main] Login - The vehicle registration path is = C:\Users\LeonRausch\eclipse-workspace\Selenium\hu-go-vehicleTest.jar
[DEBUG] 2021-05-19 11:05:26.608 [main] Login - The Database on port "3306" with User "Hugo-Test" and Password  "Hugo123" has been accessed successfully and the vehicle information has been written to the variables
[INFO ] 2021-05-19 11:05:26.672 [main] Login - ChromeDriver with path "C:\Users\LeonRausch\eclipse-workspace\Selenium\chromedriver.exe" found
[INFO ] 2021-05-19 11:05:37.925 [main] Login - Hugo login successful
[ERROR] 2021-05-19 11:05:39.111 [main] Login - The databese couldn't be accessed!
Errormessage: element click intercepted: Element <a class="button next noprint left" href="#" id="buttonwarnnext">...</a> is not clickable at point (732, 562). Other element would receive the click: <iframe title="reCAPTCHA" src="https://www.google.com/recaptcha/api2/anchor?ar=1&amp;k=6LfTPbsUAAAAAFDACZqwpZelQyAfu5wmaYB1-wqW&amp;co=aHR0cHM6Ly93d3cuaHUtZ28uaHU6NDQz&amp;hl=en&amp;v=f-bnnOuahiYKuei7dmAd3kgv&amp;size=invisible&amp;cb=uxg8qs43pcd4" width="256" height="60" role="presentation" name="a-k3y1fyxo8bgl" frameborder="0" scrolling="no" sandbox="allow-forms allow-popups allow-same-origin allow-scripts allow-top-navigation allow-modals allow-popups-to-escape-sandbox"></iframe>
  (Session info: headless chrome=90.0.4430.212)
Build info: version: '3.141.59', revision: 'e82be7d358', time: '2018-11-14T08:25:48'
System info: host: 'DESKTOP-O7UI4S1', ip: '10.0.0.32', os.name: 'Windows 10', os.arch: 'amd64', os.version: '10.0', java.version: '11.0.8'
Driver info: org.openqa.selenium.chrome.ChromeDriver
Capabilities {acceptInsecureCerts: false, browserName: chrome, browserVersion: 90.0.4430.212, chrome: {chromedriverVersion: 90.0.4430.24 (4c6d850f087da..., userDataDir: C:\Users\LEONRA~1\AppData\L...}, goog:chromeOptions: {debuggerAddress: localhost:63817}, javascriptEnabled: true, networkConnectionEnabled: false, pageLoadStrategy: normal, platform: WINDOWS, platformName: WINDOWS, proxy: Proxy(), setWindowRect: true, strictFileInteractability: false, timeouts: {implicit: 0, pageLoad: 300000, script: 30000}, unhandledPromptBehavior: dismiss and notify, webauthn:extension:largeBlob: true, webauthn:virtualAuthenticators: true}
Session ID: 2f9c960659f73d30473561f241ed2d76
[DEBUG] 2021-05-19 11:07:13.217 [main] Login - Application has started
[INFO ] 2021-05-19 11:07:13.237 [main] Login - The log file can now be found in the directory: "C:\Users\LeonRausch\eclipse-workspace\Selenium\logger.log"
[DEBUG] 2021-05-19 11:07:13.240 [main] Login - The vehicle registration path is = C:\Users\LeonRausch\eclipse-workspace\Selenium\hu-go-vehicleTest.jar
[DEBUG] 2021-05-19 11:07:13.310 [main] Login - The Database on port "3306" with User "Hugo-Test" and Password  "Hugo123" has been accessed successfully and the vehicle information has been written to the variables
[INFO ] 2021-05-19 11:07:13.369 [main] Login - ChromeDriver with path "C:\Users\LeonRausch\eclipse-workspace\Selenium\chromedriver.exe" found
[INFO ] 2021-05-19 11:07:22.061 [main] Login - Hugo login successful
[INFO ] 2021-05-19 11:07:24.214 [main] Login - adding new vehicle...
[WARN ] 2021-05-19 11:07:26.142 [main] Login - Trying to use the path C:\Users\LeonRausch\eclipse-workspace\Selenium\Test...
[WARN ] 2021-05-19 11:07:26.143 [main] Login - Trying to use the path C:\Users\LeonRausch\eclipse-workspace\Selenium\Test.pdf
[INFO ] 2021-05-19 11:07:26.241 [main] Login - Use of Path C:\Users\LeonRausch\eclipse-workspace\Selenium\Test.pdf successful
[INFO ] 2021-05-19 11:07:26.241 [main] Login - The Vehicle with the Licenseplatenumber FUW55834 was saved
[DEBUG] 2021-05-19 11:07:26.351 [main] Login - the Application was completed by the machine with the local IP-Adress /10.0.0.32
[INFO ] 2021-05-19 11:07:27.084 [main] Login - The Application ended successfully!
[DEBUG] 2021-05-19 11:07:27.084 [main] Login - Application has started
[INFO ] 2021-05-19 11:07:27.084 [main] Login - The log file can now be found in the directory: "C:\Users\LeonRausch\eclipse-workspace\Selenium\logger.log"
[DEBUG] 2021-05-19 11:07:27.084 [main] Login - The vehicle registration path is = C:\Users\LeonRausch\eclipse-workspace\Selenium\hu-go-vehicleTest.jar
[DEBUG] 2021-05-19 11:07:27.153 [main] Login - The Database on port "3306" with User "Hugo-Test" and Password  "Hugo123" has been accessed successfully and the vehicle information has been written to the variables
[INFO ] 2021-05-19 11:07:27.194 [main] Login - ChromeDriver with path "C:\Users\LeonRausch\eclipse-workspace\Selenium\chromedriver.exe" found
[INFO ] 2021-05-19 11:07:34.078 [main] Login - Hugo login successful
[INFO ] 2021-05-19 11:07:36.149 [main] Login - adding new vehicle...
[WARN ] 2021-05-19 11:07:37.929 [main] Login - Trying to use the path C:\Users\LeonRausch\eclipse-workspace\Selenium\Test...
[WARN ] 2021-05-19 11:07:37.929 [main] Login - Trying to use the path C:\Users\LeonRausch\eclipse-workspace\Selenium\Test 2.pdf
[INFO ] 2021-05-19 11:07:38.054 [main] Login - Use of Path C:\Users\LeonRausch\eclipse-workspace\Selenium\Test 2.pdf successful
[INFO ] 2021-05-19 11:07:38.054 [main] Login - The Vehicle with the Licenseplatenumber GER23478D was saved
[DEBUG] 2021-05-19 11:07:38.107 [main] Login - the Application was completed by the machine with the local IP-Adress /10.0.0.32
[INFO ] 2021-05-19 11:07:38.787 [main] Login - The Application ended successfully!
[DEBUG] 2021-05-19 11:07:38.787 [main] Login - Application has started
[INFO ] 2021-05-19 11:07:38.787 [main] Login - The log file can now be found in the directory: "C:\Users\LeonRausch\eclipse-workspace\Selenium\logger.log"
[DEBUG] 2021-05-19 11:07:38.787 [main] Login - The vehicle registration path is = C:\Users\LeonRausch\eclipse-workspace\Selenium\hu-go-vehicleTest.jar
[DEBUG] 2021-05-19 11:07:38.863 [main] Login - The Database on port "3306" with User "Hugo-Test" and Password  "Hugo123" has been accessed successfully and the vehicle information has been written to the variables
[INFO ] 2021-05-19 11:07:38.909 [main] Login - ChromeDriver with path "C:\Users\LeonRausch\eclipse-workspace\Selenium\chromedriver.exe" found
[INFO ] 2021-05-19 11:07:45.629 [main] Login - Hugo login successful
[INFO ] 2021-05-19 11:07:47.715 [main] Login - adding new vehicle...
[WARN ] 2021-05-19 11:07:49.167 [main] Login - Trying to use the path C:\Users\LeonRausch\eclipse-workspace\Selenium\Test...
[WARN ] 2021-05-19 11:07:49.167 [main] Login - Trying to use the path C:\Users\LeonRausch\eclipse-workspace\Selenium\Test 3.pdf
[INFO ] 2021-05-19 11:07:49.253 [main] Login - Use of Path C:\Users\LeonRausch\eclipse-workspace\Selenium\Test 3.pdf successful
[INFO ] 2021-05-19 11:07:49.254 [main] Login - The Vehicle with the Licenseplatenumber GUE4573KW was saved
[DEBUG] 2021-05-19 11:07:49.329 [main] Login - the Application was completed by the machine with the local IP-Adress /10.0.0.32
[INFO ] 2021-05-19 11:07:50.030 [main] Login - The Application ended successfully!
[DEBUG] 2021-05-19 11:07:50.030 [main] Login - Application has started
[INFO ] 2021-05-19 11:07:50.030 [main] Login - The log file can now be found in the directory: "C:\Users\LeonRausch\eclipse-workspace\Selenium\logger.log"
[DEBUG] 2021-05-19 11:07:50.030 [main] Login - The vehicle registration path is = C:\Users\LeonRausch\eclipse-workspace\Selenium\hu-go-vehicleTest.jar
[DEBUG] 2021-05-19 11:07:50.068 [main] Login - The Database on port "3306" with User "Hugo-Test" and Password  "Hugo123" has been accessed successfully and the vehicle information has been written to the variables
[INFO ] 2021-05-19 11:07:50.115 [main] Login - ChromeDriver with path "C:\Users\LeonRausch\eclipse-workspace\Selenium\chromedriver.exe" found
[INFO ] 2021-05-19 11:07:57.402 [main] Login - Hugo login successful
[INFO ] 2021-05-19 11:07:59.524 [main] Login - adding new vehicle...
[WARN ] 2021-05-19 11:08:00.997 [main] Login - Trying to use the path C:\Users\LeonRausch\eclipse-workspace\Selenium\Test...
[WARN ] 2021-05-19 11:08:00.998 [main] Login - Trying to use the path C:\Users\LeonRausch\eclipse-workspace\Selenium\Test 3.pdf
[INFO ] 2021-05-19 11:08:01.086 [main] Login - Use of Path C:\Users\LeonRausch\eclipse-workspace\Selenium\Test 3.pdf successful
[INFO ] 2021-05-19 11:08:01.086 [main] Login - The Vehicle with the Licenseplatenumber IW285712Q was saved
[DEBUG] 2021-05-19 11:08:01.146 [main] Login - the Application was completed by the machine with the local IP-Adress /10.0.0.32
[INFO ] 2021-05-19 11:08:01.811 [main] Login - The Application ended successfully!
[DEBUG] 2021-05-19 11:08:01.811 [main] Login - Application has started
[INFO ] 2021-05-19 11:08:01.811 [main] Login - The log file can now be found in the directory: "C:\Users\LeonRausch\eclipse-workspace\Selenium\logger.log"
[DEBUG] 2021-05-19 11:08:01.811 [main] Login - The vehicle registration path is = C:\Users\LeonRausch\eclipse-workspace\Selenium\hu-go-vehicleTest.jar
[DEBUG] 2021-05-19 11:08:01.880 [main] Login - The Database on port "3306" with User "Hugo-Test" and Password  "Hugo123" has been accessed successfully and the vehicle information has been written to the variables
[INFO ] 2021-05-19 11:08:01.965 [main] Login - ChromeDriver with path "C:\Users\LeonRausch\eclipse-workspace\Selenium\chromedriver.exe" found
[INFO ] 2021-05-19 11:08:08.875 [main] Login - Hugo login successful
[INFO ] 2021-05-19 11:08:10.516 [main] Login - adding new vehicle...
[WARN ] 2021-05-19 11:08:11.827 [main] Login - Trying to use the path C:\Users\LeonRausch\eclipse-workspace\Selenium\Test...
[WARN ] 2021-05-19 11:08:11.827 [main] Login - Trying to use the path C:\Users\LeonRausch\eclipse-workspace\Selenium\Test.pdf
[INFO ] 2021-05-19 11:08:11.896 [main] Login - Use of Path C:\Users\LeonRausch\eclipse-workspace\Selenium\Test.pdf successful
[INFO ] 2021-05-19 11:08:11.897 [main] Login - The Vehicle with the Licenseplatenumber UE395256M was saved
[DEBUG] 2021-05-19 11:08:11.948 [main] Login - the Application was completed by the machine with the local IP-Adress /10.0.0.32
[INFO ] 2021-05-19 11:08:12.613 [main] Login - The Application ended successfully!
[DEBUG] 2021-05-19 11:12:49.974 [main] Login - Application has started
[INFO ] 2021-05-19 11:12:49.974 [main] Login - The log file can now be found in the directory: "C:\Users\LeonRausch\eclipse-workspace\Selenium\logger.log"
[DEBUG] 2021-05-19 11:12:49.984 [main] Login - The vehicle registration path is = C:\Users\LeonRausch\eclipse-workspace\Selenium\hu-go-vehicleTest.jar
[DEBUG] 2021-05-19 11:12:50.058 [main] Login - The Database on port "3306" with User "Hugo-Test" and Password  "Hugo123" has been accessed successfully and the vehicle information has been written to the variables
[INFO ] 2021-05-19 11:12:50.105 [main] Login - ChromeDriver with path "C:\Users\LeonRausch\eclipse-workspace\Selenium\chromedriver.exe" found
[INFO ] 2021-05-19 11:12:57.027 [main] Login - Hugo login successful
[INFO ] 2021-05-19 11:12:58.750 [main] Login - adding new vehicle...
[WARN ] 2021-05-19 11:13:00.629 [main] Login - Trying to use the path C:\Users\LeonRausch\eclipse-workspace\Selenium\Test...
[WARN ] 2021-05-19 11:13:00.630 [main] Login - Trying to use the path C:\Users\LeonRausch\eclipse-workspace\Selenium\Test 2.pdf
[INFO ] 2021-05-19 11:13:00.817 [main] Login - Use of Path C:\Users\LeonRausch\eclipse-workspace\Selenium\Test 2.pdf successful
[INFO ] 2021-05-19 11:13:00.818 [main] Login - The Vehicle with the Licenseplatenumber CE58D534K was saved
[DEBUG] 2021-05-19 11:13:00.945 [main] Login - the Application was completed by the machine with the local IP-Adress /10.0.0.32
[INFO ] 2021-05-19 11:13:01.654 [main] Login - The Application ended successfully!
[DEBUG] 2021-05-19 11:13:01.659 [main] Login - Application has started
[INFO ] 2021-05-19 11:13:01.659 [main] Login - The log file can now be found in the directory: "C:\Users\LeonRausch\eclipse-workspace\Selenium\logger.log"
[DEBUG] 2021-05-19 11:13:01.659 [main] Login - The vehicle registration path is = C:\Users\LeonRausch\eclipse-workspace\Selenium\hu-go-vehicleTest.jar
[DEBUG] 2021-05-19 11:13:01.738 [main] Login - The Database on port "3306" with User "Hugo-Test" and Password  "Hugo123" has been accessed successfully and the vehicle information has been written to the variables
[INFO ] 2021-05-19 11:13:01.785 [main] Login - ChromeDriver with path "C:\Users\LeonRausch\eclipse-workspace\Selenium\chromedriver.exe" found
[INFO ] 2021-05-19 11:13:08.071 [main] Login - Hugo login successful
[INFO ] 2021-05-19 11:13:09.720 [main] Login - adding new vehicle...
[WARN ] 2021-05-19 11:13:11.845 [main] Login - Trying to use the path C:\Users\LeonRausch\eclipse-workspace\Selenium\Test...
[WARN ] 2021-05-19 11:13:11.845 [main] Login - Trying to use the path C:\Users\LeonRausch\eclipse-workspace\Selenium\Test.pdf
[INFO ] 2021-05-19 11:13:11.942 [main] Login - Use of Path C:\Users\LeonRausch\eclipse-workspace\Selenium\Test.pdf successful
[INFO ] 2021-05-19 11:13:11.942 [main] Login - The Vehicle with the Licenseplatenumber FUW55834 was saved
[DEBUG] 2021-05-19 11:13:12.018 [main] Login - the Application was completed by the machine with the local IP-Adress /10.0.0.32
[INFO ] 2021-05-19 11:13:12.915 [main] Login - The Application ended successfully!
[DEBUG] 2021-05-19 11:13:12.919 [main] Login - Application has started
[INFO ] 2021-05-19 11:13:12.919 [main] Login - The log file can now be found in the directory: "C:\Users\LeonRausch\eclipse-workspace\Selenium\logger.log"
[DEBUG] 2021-05-19 11:13:12.919 [main] Login - The vehicle registration path is = C:\Users\LeonRausch\eclipse-workspace\Selenium\hu-go-vehicleTest.jar
[DEBUG] 2021-05-19 11:13:12.965 [main] Login - The Database on port "3306" with User "Hugo-Test" and Password  "Hugo123" has been accessed successfully and the vehicle information has been written to the variables
[INFO ] 2021-05-19 11:13:13.015 [main] Login - ChromeDriver with path "C:\Users\LeonRausch\eclipse-workspace\Selenium\chromedriver.exe" found
[INFO ] 2021-05-19 11:13:19.330 [main] Login - Hugo login successful
[INFO ] 2021-05-19 11:13:20.972 [main] Login - adding new vehicle...
[WARN ] 2021-05-19 11:13:22.752 [main] Login - Trying to use the path C:\Users\LeonRausch\eclipse-workspace\Selenium\Test...
[WARN ] 2021-05-19 11:13:22.752 [main] Login - Trying to use the path C:\Users\LeonRausch\eclipse-workspace\Selenium\Test 2.pdf
[INFO ] 2021-05-19 11:13:22.880 [main] Login - Use of Path C:\Users\LeonRausch\eclipse-workspace\Selenium\Test 2.pdf successful
[INFO ] 2021-05-19 11:13:22.881 [main] Login - The Vehicle with the Licenseplatenumber GER23478D was saved
[DEBUG] 2021-05-19 11:13:22.953 [main] Login - the Application was completed by the machine with the local IP-Adress /10.0.0.32
[INFO ] 2021-05-19 11:13:23.953 [main] Login - The Application ended successfully!
[DEBUG] 2021-05-19 11:13:23.956 [main] Login - Application has started
[INFO ] 2021-05-19 11:13:23.956 [main] Login - The log file can now be found in the directory: "C:\Users\LeonRausch\eclipse-workspace\Selenium\logger.log"
[DEBUG] 2021-05-19 11:13:23.956 [main] Login - The vehicle registration path is = C:\Users\LeonRausch\eclipse-workspace\Selenium\hu-go-vehicleTest.jar
[DEBUG] 2021-05-19 11:13:24.006 [main] Login - The Database on port "3306" with User "Hugo-Test" and Password  "Hugo123" has been accessed successfully and the vehicle information has been written to the variables
[INFO ] 2021-05-19 11:13:24.038 [main] Login - ChromeDriver with path "C:\Users\LeonRausch\eclipse-workspace\Selenium\chromedriver.exe" found
[INFO ] 2021-05-19 11:13:30.223 [main] Login - Hugo login successful
[INFO ] 2021-05-19 11:13:31.883 [main] Login - adding new vehicle...
[WARN ] 2021-05-19 11:13:33.155 [main] Login - Trying to use the path C:\Users\LeonRausch\eclipse-workspace\Selenium\Test...
[WARN ] 2021-05-19 11:13:33.155 [main] Login - Trying to use the path C:\Users\LeonRausch\eclipse-workspace\Selenium\Test 3.pdf
[INFO ] 2021-05-19 11:13:33.216 [main] Login - Use of Path C:\Users\LeonRausch\eclipse-workspace\Selenium\Test 3.pdf successful
[INFO ] 2021-05-19 11:13:33.216 [main] Login - The Vehicle with the Licenseplatenumber GUE4573KW was saved
[DEBUG] 2021-05-19 11:13:33.266 [main] Login - the Application was completed by the machine with the local IP-Adress /10.0.0.32
[INFO ] 2021-05-19 11:13:33.909 [main] Login - The Application ended successfully!
[DEBUG] 2021-05-19 11:13:33.909 [main] Login - Application has started
[INFO ] 2021-05-19 11:13:33.909 [main] Login - The log file can now be found in the directory: "C:\Users\LeonRausch\eclipse-workspace\Selenium\logger.log"
[DEBUG] 2021-05-19 11:13:33.915 [main] Login - The vehicle registration path is = C:\Users\LeonRausch\eclipse-workspace\Selenium\hu-go-vehicleTest.jar
[DEBUG] 2021-05-19 11:13:33.978 [main] Login - The Database on port "3306" with User "Hugo-Test" and Password  "Hugo123" has been accessed successfully and the vehicle information has been written to the variables
[INFO ] 2021-05-19 11:13:34.015 [main] Login - ChromeDriver with path "C:\Users\LeonRausch\eclipse-workspace\Selenium\chromedriver.exe" found
[INFO ] 2021-05-19 11:13:40.305 [main] Login - Hugo login successful
[INFO ] 2021-05-19 11:13:42.020 [main] Login - adding new vehicle...
[WARN ] 2021-05-19 11:13:43.362 [main] Login - Trying to use the path C:\Users\LeonRausch\eclipse-workspace\Selenium\Test...
[WARN ] 2021-05-19 11:13:43.362 [main] Login - Trying to use the path C:\Users\LeonRausch\eclipse-workspace\Selenium\Test 3.pdf
[INFO ] 2021-05-19 11:13:43.429 [main] Login - Use of Path C:\Users\LeonRausch\eclipse-workspace\Selenium\Test 3.pdf successful
[INFO ] 2021-05-19 11:13:43.430 [main] Login - The Vehicle with the Licenseplatenumber IW285712Q was saved
[DEBUG] 2021-05-19 11:13:43.483 [main] Login - the Application was completed by the machine with the local IP-Adress /10.0.0.32
[INFO ] 2021-05-19 11:13:44.167 [main] Login - The Application ended successfully!
[DEBUG] 2021-05-19 11:13:44.167 [main] Login - Application has started
[INFO ] 2021-05-19 11:13:44.167 [main] Login - The log file can now be found in the directory: "C:\Users\LeonRausch\eclipse-workspace\Selenium\logger.log"
[DEBUG] 2021-05-19 11:13:44.167 [main] Login - The vehicle registration path is = C:\Users\LeonRausch\eclipse-workspace\Selenium\hu-go-vehicleTest.jar
[DEBUG] 2021-05-19 11:13:44.220 [main] Login - The Database on port "3306" with User "Hugo-Test" and Password  "Hugo123" has been accessed successfully and the vehicle information has been written to the variables
[INFO ] 2021-05-19 11:13:44.267 [main] Login - ChromeDriver with path "C:\Users\LeonRausch\eclipse-workspace\Selenium\chromedriver.exe" found
[INFO ] 2021-05-19 11:13:50.455 [main] Login - Hugo login successful
[INFO ] 2021-05-19 11:13:55.258 [main] Login - adding new vehicle...
[WARN ] 2021-05-19 11:13:56.445 [main] Login - Trying to use the path C:\Users\LeonRausch\eclipse-workspace\Selenium\Test...
[WARN ] 2021-05-19 11:13:56.445 [main] Login - Trying to use the path C:\Users\LeonRausch\eclipse-workspace\Selenium\Test.pdf
[INFO ] 2021-05-19 11:13:56.577 [main] Login - Use of Path C:\Users\LeonRausch\eclipse-workspace\Selenium\Test.pdf successful
[INFO ] 2021-05-19 11:13:56.577 [main] Login - The Vehicle with the Licenseplatenumber UE395256M was saved
[DEBUG] 2021-05-19 11:13:56.633 [main] Login - the Application was completed by the machine with the local IP-Adress /10.0.0.32
[INFO ] 2021-05-19 11:13:57.694 [main] Login - The Application ended successfully!
[INFO ] 2021-05-19 11:13:57.694 [main] Login - all vehicles have been added.
[INFO ] 2021-05-19 11:35:10.472 [main] Login - all vehicles have been added.
[DEBUG] 2021-05-19 11:35:38.918 [main] Login - Application has started
[INFO ] 2021-05-19 11:35:38.934 [main] Login - The log file can now be found in the directory: "C:\Users\LeonRausch\eclipse-workspace\Selenium\logger.log"
[DEBUG] 2021-05-19 11:35:38.940 [main] Login - The vehicle registration path is = C:\Users\LeonRausch\eclipse-workspace\Selenium\hu-go-vehicleTest.jar
[DEBUG] 2021-05-19 11:35:38.972 [main] Login - The Database on port "3306" with User "Hugo-Test" and Password  "Hugo123" has been accessed successfully and the vehicle information has been written to the variables
[INFO ] 2021-05-19 11:35:39.049 [main] Login - ChromeDriver with path "C:\Users\LeonRausch\eclipse-workspace\Selenium\chromedriver.exe" found
[INFO ] 2021-05-19 11:35:49.843 [main] Login - Hugo login successful
[INFO ] 2021-05-19 11:35:51.486 [main] Login - adding new vehicle...
[WARN ] 2021-05-19 11:35:53.589 [main] Login - Trying to use the path D:\ownCloud\Leon_Home\Test 2.pdf
[INFO ] 2021-05-19 11:35:53.711 [main] Login - Use of Path C:\Users\LeonRausch\eclipse-workspace\Selenium\Test 2.pdf successful
[INFO ] 2021-05-19 11:35:53.711 [main] Login - The Vehicle with the Licenseplatenumber CE58D534K was saved
[DEBUG] 2021-05-19 11:35:53.839 [main] Login - the Application was completed by the machine with the local IP-Adress /10.0.0.32
[INFO ] 2021-05-19 11:35:54.488 [main] Login - The Application ended successfully!
[DEBUG] 2021-05-19 11:35:54.488 [main] Login - Application has started
[INFO ] 2021-05-19 11:35:54.488 [main] Login - The log file can now be found in the directory: "C:\Users\LeonRausch\eclipse-workspace\Selenium\logger.log"
[DEBUG] 2021-05-19 11:35:54.488 [main] Login - The vehicle registration path is = C:\Users\LeonRausch\eclipse-workspace\Selenium\hu-go-vehicleTest.jar
[DEBUG] 2021-05-19 11:35:54.526 [main] Login - The Database on port "3306" with User "Hugo-Test" and Password  "Hugo123" has been accessed successfully and the vehicle information has been written to the variables
[INFO ] 2021-05-19 11:35:54.572 [main] Login - ChromeDriver with path "C:\Users\LeonRausch\eclipse-workspace\Selenium\chromedriver.exe" found
[INFO ] 2021-05-19 11:36:01.002 [main] Login - Hugo login successful
[INFO ] 2021-05-19 11:36:02.637 [main] Login - adding new vehicle...
[WARN ] 2021-05-19 11:36:04.744 [main] Login - Trying to use the path D:\ownCloud\Leon_Home\Test.pdf
[INFO ] 2021-05-19 11:36:04.942 [main] Login - Use of Path C:\Users\LeonRausch\eclipse-workspace\Selenium\Test.pdf successful
[INFO ] 2021-05-19 11:36:04.942 [main] Login - The Vehicle with the Licenseplatenumber FUW55834 was saved
[DEBUG] 2021-05-19 11:36:05.056 [main] Login - the Application was completed by the machine with the local IP-Adress /10.0.0.32
[INFO ] 2021-05-19 11:36:05.875 [main] Login - The Application ended successfully!
[DEBUG] 2021-05-19 11:36:05.878 [main] Login - Application has started
[INFO ] 2021-05-19 11:36:05.881 [main] Login - The log file can now be found in the directory: "C:\Users\LeonRausch\eclipse-workspace\Selenium\logger.log"
[DEBUG] 2021-05-19 11:36:05.881 [main] Login - The vehicle registration path is = C:\Users\LeonRausch\eclipse-workspace\Selenium\hu-go-vehicleTest.jar
[DEBUG] 2021-05-19 11:36:05.944 [main] Login - The Database on port "3306" with User "Hugo-Test" and Password  "Hugo123" has been accessed successfully and the vehicle information has been written to the variables
[INFO ] 2021-05-19 11:36:05.982 [main] Login - ChromeDriver with path "C:\Users\LeonRausch\eclipse-workspace\Selenium\chromedriver.exe" found
[INFO ] 2021-05-19 11:36:12.311 [main] Login - Hugo login successful
[INFO ] 2021-05-19 11:36:14.040 [main] Login - adding new vehicle...
[WARN ] 2021-05-19 11:36:15.875 [main] Login - Trying to use the path D:\ownCloud\Leon_Home\Test 2.pdf
[INFO ] 2021-05-19 11:36:15.968 [main] Login - Use of Path C:\Users\LeonRausch\eclipse-workspace\Selenium\Test 2.pdf successful
[INFO ] 2021-05-19 11:36:15.968 [main] Login - The Vehicle with the Licenseplatenumber GER23478D was saved
[DEBUG] 2021-05-19 11:36:16.029 [main] Login - the Application was completed by the machine with the local IP-Adress /10.0.0.32
[INFO ] 2021-05-19 11:36:16.940 [main] Login - The Application ended successfully!
[DEBUG] 2021-05-19 11:36:16.943 [main] Login - Application has started
[INFO ] 2021-05-19 11:36:16.943 [main] Login - The log file can now be found in the directory: "C:\Users\LeonRausch\eclipse-workspace\Selenium\logger.log"
[DEBUG] 2021-05-19 11:36:16.943 [main] Login - The vehicle registration path is = C:\Users\LeonRausch\eclipse-workspace\Selenium\hu-go-vehicleTest.jar
[DEBUG] 2021-05-19 11:36:17.010 [main] Login - The Database on port "3306" with User "Hugo-Test" and Password  "Hugo123" has been accessed successfully and the vehicle information has been written to the variables
[INFO ] 2021-05-19 11:36:17.056 [main] Login - ChromeDriver with path "C:\Users\LeonRausch\eclipse-workspace\Selenium\chromedriver.exe" found
[INFO ] 2021-05-19 11:36:23.354 [main] Login - Hugo login successful
[INFO ] 2021-05-19 11:36:25.102 [main] Login - adding new vehicle...
[WARN ] 2021-05-19 11:36:26.272 [main] Login - Trying to use the path D:\ownCloud\Leon_Home\Test 3.pdf
[INFO ] 2021-05-19 11:36:26.357 [main] Login - Use of Path C:\Users\LeonRausch\eclipse-workspace\Selenium\Test 3.pdf successful
[INFO ] 2021-05-19 11:36:26.358 [main] Login - The Vehicle with the Licenseplatenumber GUE4573KW was saved
[DEBUG] 2021-05-19 11:36:26.413 [main] Login - the Application was completed by the machine with the local IP-Adress /10.0.0.32
[INFO ] 2021-05-19 11:36:27.115 [main] Login - The Application ended successfully!
[DEBUG] 2021-05-19 11:36:27.115 [main] Login - Application has started
[INFO ] 2021-05-19 11:36:27.115 [main] Login - The log file can now be found in the directory: "C:\Users\LeonRausch\eclipse-workspace\Selenium\logger.log"
[DEBUG] 2021-05-19 11:36:27.115 [main] Login - The vehicle registration path is = C:\Users\LeonRausch\eclipse-workspace\Selenium\hu-go-vehicleTest.jar
[DEBUG] 2021-05-19 11:36:27.315 [main] Login - The Database on port "3306" with User "Hugo-Test" and Password  "Hugo123" has been accessed successfully and the vehicle information has been written to the variables
[INFO ] 2021-05-19 11:36:27.616 [main] Login - ChromeDriver with path "C:\Users\LeonRausch\eclipse-workspace\Selenium\chromedriver.exe" found
[INFO ] 2021-05-19 11:36:34.117 [main] Login - Hugo login successful
[INFO ] 2021-05-19 11:36:35.843 [main] Login - adding new vehicle...
[WARN ] 2021-05-19 11:36:37.152 [main] Login - Trying to use the path D:\ownCloud\Leon_Home\Test 3.pdf
[INFO ] 2021-05-19 11:36:37.205 [main] Login - Use of Path C:\Users\LeonRausch\eclipse-workspace\Selenium\Test 3.pdf successful
[INFO ] 2021-05-19 11:36:37.206 [main] Login - The Vehicle with the Licenseplatenumber IW285712Q was saved
[DEBUG] 2021-05-19 11:36:37.261 [main] Login - the Application was completed by the machine with the local IP-Adress /10.0.0.32
[INFO ] 2021-05-19 11:36:38.011 [main] Login - The Application ended successfully!
[DEBUG] 2021-05-19 11:36:38.011 [main] Login - Application has started
[INFO ] 2021-05-19 11:36:38.011 [main] Login - The log file can now be found in the directory: "C:\Users\LeonRausch\eclipse-workspace\Selenium\logger.log"
[DEBUG] 2021-05-19 11:36:38.011 [main] Login - The vehicle registration path is = C:\Users\LeonRausch\eclipse-workspace\Selenium\hu-go-vehicleTest.jar
[DEBUG] 2021-05-19 11:36:38.057 [main] Login - The Database on port "3306" with User "Hugo-Test" and Password  "Hugo123" has been accessed successfully and the vehicle information has been written to the variables
[INFO ] 2021-05-19 11:36:38.111 [main] Login - ChromeDriver with path "C:\Users\LeonRausch\eclipse-workspace\Selenium\chromedriver.exe" found
[INFO ] 2021-05-19 11:36:44.512 [main] Login - Hugo login successful
[INFO ] 2021-05-19 11:36:46.226 [main] Login - adding new vehicle...
[WARN ] 2021-05-19 11:36:47.467 [main] Login - Trying to use the path D:\ownCloud\Leon_Home\Test.pdf
[INFO ] 2021-05-19 11:36:47.522 [main] Login - Use of Path C:\Users\LeonRausch\eclipse-workspace\Selenium\Test.pdf successful
[INFO ] 2021-05-19 11:36:47.522 [main] Login - The Vehicle with the Licenseplatenumber UE395256M was saved
[DEBUG] 2021-05-19 11:36:47.579 [main] Login - the Application was completed by the machine with the local IP-Adress /10.0.0.32
[INFO ] 2021-05-19 11:36:48.272 [main] Login - The Application ended successfully!
[INFO ] 2021-05-19 11:36:48.272 [main] Login - all vehicles have been added.
[DEBUG] 2021-06-02 13:41:02.577 [main] Login - Application has started
[INFO ] 2021-06-02 13:41:02.599 [main] Login - The log file can now be found in the directory: "C:\Users\LeonRausch\eclipse-workspace\Selenium\logger.log"
[DEBUG] 2021-06-02 13:41:02.601 [main] Login - The vehicle registration path is = C:\Users\LeonRausch\eclipse-workspace\Selenium\hu-go-vehicleTest.jar
[DEBUG] 2021-06-02 13:41:04.725 [main] Login - The Database on port "3306" with User "Hugo-Test" and Password  "Hugo123" has been accessed successfully and the vehicle information has been written to the variables
[INFO ] 2021-06-02 13:41:04.808 [main] Login - ChromeDriver with path "C:\Users\LeonRausch\eclipse-workspace\Selenium\chromedriver.exe" found
